2026-05-29 20:32:21,465 - main - INFO - === Logging system initialized ===
2026-05-29 20:32:21,465 - main - INFO - Log file: logs/app_20260529_203221.log
2026-05-29 20:32:21,465 - main - INFO - Log level: INFO
2026-05-29 20:32:21,466 - main - INFO - Timestamp: 20260529_203221
2026-05-29 20:32:22,348 - main - INFO - Included router: routers.ai_generate.router
2026-05-29 20:32:22,373 - main - INFO - Included router: routers.aihub.router
2026-05-29 20:32:22,385 - main - INFO - Included router: routers.auth.router
2026-05-29 20:32:22,430 - main - INFO - Included router: routers.conversations.router
2026-05-29 20:32:22,433 - main - INFO - Included router: routers.health.router
2026-05-29 20:32:22,490 - main - INFO - Included router: routers.project_files.router
2026-05-29 20:32:22,539 - main - INFO - Included router: routers.projects.router
2026-05-29 20:32:22,549 - main - INFO - Included router: routers.publish.router
2026-05-29 20:32:22,573 - main - INFO - Included router: routers.settings.router
2026-05-29 20:32:22,615 - main - INFO - Included router: routers.storage.router
2026-05-29 20:32:22,625 - main - INFO - Included router: routers.user.router
2026-05-29 20:32:22,668 - main - INFO - Included router: routers.versions.router
2026-05-29 20:32:22,669 - main - INFO - === Application startup initiated ===
2026-05-29 20:32:22,669 - services.database - INFO - Ignore creating tables
2026-05-29 20:32:22,670 - services.mock_data - INFO - Ignore initialize data
2026-05-29 20:32:22,670 - services.auth - INFO - Ignore initialize admin
2026-05-29 20:32:22,670 - main - INFO - === Application startup completed successfully ===
2026-05-29 20:32:24,877 - services.database - DEBUG - [DB_OP] Starting database close
2026-05-29 20:32:24,877 - services.database - INFO - Database connections closed
2026-05-29 20:32:24,877 - services.database - DEBUG - [DB_OP] Database close completed in 0.0007s
