2026-05-29 20:23:36,394 - main - INFO - === Logging system initialized ===
2026-05-29 20:23:36,394 - main - INFO - Log file: logs/app_20260529_202336.log
2026-05-29 20:23:36,394 - main - INFO - Log level: INFO
2026-05-29 20:23:36,394 - main - INFO - Timestamp: 20260529_202336
2026-05-29 20:23:37,185 - main - INFO - Included router: routers.ai_generate.router
2026-05-29 20:23:37,202 - main - INFO - Included router: routers.aihub.router
2026-05-29 20:23:37,219 - main - INFO - Included router: routers.auth.router
2026-05-29 20:23:37,265 - main - INFO - Included router: routers.conversations.router
2026-05-29 20:23:37,267 - main - INFO - Included router: routers.health.router
2026-05-29 20:23:37,311 - main - INFO - Included router: routers.project_files.router
2026-05-29 20:23:37,358 - main - INFO - Included router: routers.projects.router
2026-05-29 20:23:37,367 - main - INFO - Included router: routers.publish.router
2026-05-29 20:23:37,387 - main - INFO - Included router: routers.settings.router
2026-05-29 20:23:37,420 - main - INFO - Included router: routers.storage.router
2026-05-29 20:23:37,428 - main - INFO - Included router: routers.user.router
2026-05-29 20:23:37,469 - main - INFO - Included router: routers.versions.router
2026-05-29 20:23:37,470 - main - INFO - === Application startup initiated ===
2026-05-29 20:23:37,471 - services.database - INFO - Ignore creating tables
2026-05-29 20:23:37,471 - services.mock_data - INFO - Ignore initialize data
2026-05-29 20:23:37,471 - services.auth - INFO - Ignore initialize admin
2026-05-29 20:23:37,471 - main - INFO - === Application startup completed successfully ===
2026-05-29 20:25:02,302 - dependencies.auth - DEBUG - Authentication required for request GET /api/v1/auth/me
2026-05-29 20:25:05,379 - core.config - DEBUG - Read dynamic attribute jwt_secret_key from environment variable JWT_SECRET_KEY
2026-05-29 20:25:05,381 - core.config - DEBUG - Read dynamic attribute jwt_algorithm from environment variable JWT_ALGORITHM
2026-05-29 20:25:05,401 - core.auth - DEBUG - Authentication token validated for user hash: 77856f5d
2026-05-29 20:25:05,726 - core.auth - DEBUG - Authentication token validated for user hash: 77856f5d
2026-05-29 20:25:05,726 - core.database - DEBUG - [DB_OP] Starting get_db session creation
2026-05-29 20:25:05,727 - core.database - WARNING - Database session maker not available, attempting lazy initialization...
2026-05-29 20:25:05,727 - core.database - WARNING - Database not initialized, attempting lazy initialization...
2026-05-29 20:25:05,727 - core.database - INFO - Starting database initialization...
2026-05-29 20:25:05,727 - core.config - DEBUG - Read dynamic attribute database_url from environment variable DATABASE_URL
2026-05-29 20:25:05,727 - core.database - INFO - Normalizing database URL for async compatibility...
2026-05-29 20:25:05,728 - core.database - INFO - Creating async database engine...
2026-05-29 20:25:05,728 - core.database - INFO - Using QueuePool with connection pooling for non-Lambda environment
2026-05-29 20:25:05,787 - core.database - INFO - Database engine created successfully
2026-05-29 20:25:05,788 - core.database - INFO - Creating async session maker...
2026-05-29 20:25:05,788 - core.database - INFO - Async session maker created successfully
2026-05-29 20:25:05,788 - core.database - INFO - Database connection initialized successfully
2026-05-29 20:25:05,788 - core.database - DEBUG - [DB_OP] Starting create_tables
2026-05-29 20:25:05,788 - core.database - INFO - 🔧 Starting table creation...
2026-05-29 20:25:07,438 - core.database - INFO - Tables initialized successfully
2026-05-29 20:25:07,438 - core.database - DEBUG - [DB_OP] Create tables completed in 1.6502s
2026-05-29 20:25:07,502 - core.database - INFO - Lazy database initialization completed successfully
2026-05-29 20:25:07,502 - core.database - DEBUG - [DB_OP] Database session created successfully in 1.7759s
2026-05-29 20:25:07,503 - routers.projects - DEBUG - Querying projectss: query=None, sort=-updated_at, skip=0, limit=50, fields=None
2026-05-29 20:25:08,086 - routers.projects - DEBUG - Found 5 projectss
2026-05-29 20:25:08,087 - core.database - DEBUG - [DB_OP] Database session cleanup after 2.3605s
2026-05-29 20:26:01,878 - services.database - DEBUG - [DB_OP] Starting database close
2026-05-29 20:26:01,946 - core.database - INFO - Database connection closed and engine disposed
2026-05-29 20:26:01,947 - services.database - INFO - Database connections closed
2026-05-29 20:26:01,947 - services.database - DEBUG - [DB_OP] Database close completed in 0.0692s
