2026-05-30 17:02:49,073 - main - INFO - === Logging system initialized ===
2026-05-30 17:02:49,073 - main - INFO - Log file: logs/app_20260530_170249.log
2026-05-30 17:02:49,073 - main - INFO - Log level: INFO
2026-05-30 17:02:49,073 - main - INFO - Timestamp: 20260530_170249
2026-05-30 17:02:50,066 - main - INFO - Included router: routers.ai_generate.router
2026-05-30 17:02:50,090 - main - INFO - Included router: routers.aihub.router
2026-05-30 17:02:50,105 - main - INFO - Included router: routers.auth.router
2026-05-30 17:02:50,161 - main - INFO - Included router: routers.conversations.router
2026-05-30 17:02:50,162 - main - INFO - Included router: routers.health.router
2026-05-30 17:02:50,216 - main - INFO - Included router: routers.project_files.router
2026-05-30 17:02:50,280 - main - INFO - Included router: routers.projects.router
2026-05-30 17:02:50,292 - main - INFO - Included router: routers.publish.router
2026-05-30 17:02:50,322 - main - INFO - Included router: routers.settings.router
2026-05-30 17:02:50,372 - main - INFO - Included router: routers.storage.router
2026-05-30 17:02:50,381 - main - INFO - Included router: routers.user.router
2026-05-30 17:02:50,432 - main - INFO - Included router: routers.versions.router
2026-05-30 17:02:50,433 - main - INFO - === Application startup initiated ===
2026-05-30 17:02:50,435 - services.database - INFO - Ignore creating tables
2026-05-30 17:02:50,435 - services.mock_data - INFO - Ignore initialize data
2026-05-30 17:02:50,435 - services.auth - INFO - Ignore initialize admin
2026-05-30 17:02:50,435 - main - INFO - === Application startup completed successfully ===
2026-05-30 17:03:00,119 - core.config - DEBUG - Read dynamic attribute jwt_secret_key from environment variable JWT_SECRET_KEY
2026-05-30 17:03:00,120 - core.config - DEBUG - Read dynamic attribute jwt_algorithm from environment variable JWT_ALGORITHM
2026-05-30 17:03:00,242 - core.auth - DEBUG - Authentication token validated for user hash: 77856f5d
2026-05-30 17:03:00,596 - core.auth - DEBUG - Authentication token validated for user hash: 77856f5d
2026-05-30 17:03:00,596 - core.database - DEBUG - [DB_OP] Starting get_db session creation
2026-05-30 17:03:00,596 - core.database - WARNING - Database session maker not available, attempting lazy initialization...
2026-05-30 17:03:00,596 - core.database - WARNING - Database not initialized, attempting lazy initialization...
2026-05-30 17:03:00,596 - core.database - INFO - Starting database initialization...
2026-05-30 17:03:00,597 - core.config - DEBUG - Read dynamic attribute database_url from environment variable DATABASE_URL
2026-05-30 17:03:00,597 - core.database - INFO - Normalizing database URL for async compatibility...
2026-05-30 17:03:00,598 - core.database - INFO - Creating async database engine...
2026-05-30 17:03:00,598 - core.database - INFO - Using QueuePool with connection pooling for non-Lambda environment
2026-05-30 17:03:00,647 - core.database - INFO - Database engine created successfully
2026-05-30 17:03:00,648 - core.database - INFO - Creating async session maker...
2026-05-30 17:03:00,648 - core.database - INFO - Async session maker created successfully
2026-05-30 17:03:00,648 - core.database - INFO - Database connection initialized successfully
2026-05-30 17:03:00,648 - core.database - DEBUG - [DB_OP] Starting create_tables
2026-05-30 17:03:00,648 - core.database - INFO - 🔧 Starting table creation...
2026-05-30 17:03:02,243 - core.database - INFO - Tables initialized successfully
2026-05-30 17:03:02,243 - core.database - DEBUG - [DB_OP] Create tables completed in 1.5955s
2026-05-30 17:03:02,307 - core.database - INFO - Lazy database initialization completed successfully
2026-05-30 17:03:02,308 - core.database - DEBUG - [DB_OP] Database session created successfully in 1.7114s
2026-05-30 17:03:02,308 - routers.projects - DEBUG - Querying projectss: query=None, sort=-updated_at, skip=0, limit=50, fields=None
2026-05-30 17:03:03,045 - routers.projects - DEBUG - Found 9 projectss
2026-05-30 17:03:03,046 - core.database - DEBUG - [DB_OP] Database session cleanup after 2.4503s
2026-05-30 17:16:35,189 - services.database - DEBUG - [DB_OP] Starting database close
2026-05-30 17:16:35,190 - core.database - INFO - Database connection closed and engine disposed
2026-05-30 17:16:35,190 - services.database - INFO - Database connections closed
2026-05-30 17:16:35,190 - services.database - DEBUG - [DB_OP] Database close completed in 0.0012s
