2026-05-29 20:46:12,148 - main - INFO - === Logging system initialized ===
2026-05-29 20:46:12,148 - main - INFO - Log file: logs/app_20260529_204612.log
2026-05-29 20:46:12,148 - main - INFO - Log level: INFO
2026-05-29 20:46:12,148 - main - INFO - Timestamp: 20260529_204612
2026-05-29 20:46:13,097 - main - INFO - Included router: routers.ai_generate.router
2026-05-29 20:46:13,130 - main - INFO - Included router: routers.aihub.router
2026-05-29 20:46:13,149 - main - INFO - Included router: routers.auth.router
2026-05-29 20:46:13,207 - main - INFO - Included router: routers.conversations.router
2026-05-29 20:46:13,210 - main - INFO - Included router: routers.health.router
2026-05-29 20:46:13,262 - main - INFO - Included router: routers.project_files.router
2026-05-29 20:46:13,315 - main - INFO - Included router: routers.projects.router
2026-05-29 20:46:13,328 - main - INFO - Included router: routers.publish.router
2026-05-29 20:46:13,358 - main - INFO - Included router: routers.settings.router
2026-05-29 20:46:13,417 - main - INFO - Included router: routers.storage.router
2026-05-29 20:46:13,428 - main - INFO - Included router: routers.user.router
2026-05-29 20:46:13,478 - main - INFO - Included router: routers.versions.router
2026-05-29 20:46:13,480 - main - INFO - === Application startup initiated ===
2026-05-29 20:46:13,481 - services.database - INFO - Ignore creating tables
2026-05-29 20:46:13,481 - services.mock_data - INFO - Ignore initialize data
2026-05-29 20:46:13,481 - services.auth - INFO - Ignore initialize admin
2026-05-29 20:46:13,481 - main - INFO - === Application startup completed successfully ===
2026-05-29 20:47:01,634 - dependencies.auth - DEBUG - Authentication required for request GET /api/v1/auth/me
2026-05-29 20:47:05,459 - core.config - DEBUG - Read dynamic attribute jwt_secret_key from environment variable JWT_SECRET_KEY
2026-05-29 20:47:05,460 - core.config - DEBUG - Read dynamic attribute jwt_algorithm from environment variable JWT_ALGORITHM
2026-05-29 20:47:05,495 - core.auth - DEBUG - Authentication token validated for user hash: 77856f5d
2026-05-29 20:47:05,815 - core.auth - DEBUG - Authentication token validated for user hash: 77856f5d
2026-05-29 20:47:05,815 - core.database - DEBUG - [DB_OP] Starting get_db session creation
2026-05-29 20:47:05,815 - core.database - WARNING - Database session maker not available, attempting lazy initialization...
2026-05-29 20:47:05,815 - core.database - WARNING - Database not initialized, attempting lazy initialization...
2026-05-29 20:47:05,815 - core.database - INFO - Starting database initialization...
2026-05-29 20:47:05,815 - core.config - DEBUG - Read dynamic attribute database_url from environment variable DATABASE_URL
2026-05-29 20:47:05,816 - core.database - INFO - Normalizing database URL for async compatibility...
2026-05-29 20:47:05,816 - core.database - INFO - Creating async database engine...
2026-05-29 20:47:05,817 - core.database - INFO - Using QueuePool with connection pooling for non-Lambda environment
2026-05-29 20:47:05,891 - core.database - INFO - Database engine created successfully
2026-05-29 20:47:05,891 - core.database - INFO - Creating async session maker...
2026-05-29 20:47:05,891 - core.database - INFO - Async session maker created successfully
2026-05-29 20:47:05,891 - core.database - INFO - Database connection initialized successfully
2026-05-29 20:47:05,891 - core.database - DEBUG - [DB_OP] Starting create_tables
2026-05-29 20:47:05,892 - core.database - INFO - 🔧 Starting table creation...
2026-05-29 20:47:07,498 - core.database - INFO - Tables initialized successfully
2026-05-29 20:47:07,499 - core.database - DEBUG - [DB_OP] Create tables completed in 1.6072s
2026-05-29 20:47:07,562 - core.database - INFO - Lazy database initialization completed successfully
2026-05-29 20:47:07,563 - core.database - DEBUG - [DB_OP] Database session created successfully in 1.7479s
2026-05-29 20:47:07,563 - routers.projects - DEBUG - Querying projectss: query=None, sort=-updated_at, skip=0, limit=50, fields=None
2026-05-29 20:47:08,260 - routers.projects - DEBUG - Found 9 projectss
2026-05-29 20:47:08,262 - core.database - DEBUG - [DB_OP] Database session cleanup after 2.4471s
2026-05-29 20:47:09,867 - services.database - DEBUG - [DB_OP] Starting database close
2026-05-29 20:47:09,933 - core.database - INFO - Database connection closed and engine disposed
2026-05-29 20:47:09,934 - services.database - INFO - Database connections closed
2026-05-29 20:47:09,934 - services.database - DEBUG - [DB_OP] Database close completed in 0.0665s
