2026-05-30 20:13:44,773 - main - INFO - === Logging system initialized ===
2026-05-30 20:13:44,773 - main - INFO - Log file: logs/app_20260530_201344.log
2026-05-30 20:13:44,773 - main - INFO - Log level: INFO
2026-05-30 20:13:44,773 - main - INFO - Timestamp: 20260530_201344
2026-05-30 20:13:45,547 - main - INFO - Included router: routers.ai_generate.router
2026-05-30 20:13:45,567 - main - INFO - Included router: routers.aihub.router
2026-05-30 20:13:45,580 - main - INFO - Included router: routers.auth.router
2026-05-30 20:13:45,623 - main - INFO - Included router: routers.conversations.router
2026-05-30 20:13:45,624 - main - INFO - Included router: routers.health.router
2026-05-30 20:13:45,668 - main - INFO - Included router: routers.project_files.router
2026-05-30 20:13:45,714 - main - INFO - Included router: routers.projects.router
2026-05-30 20:13:45,722 - main - INFO - Included router: routers.publish.router
2026-05-30 20:13:45,742 - main - INFO - Included router: routers.settings.router
2026-05-30 20:13:45,783 - main - INFO - Included router: routers.storage.router
2026-05-30 20:13:45,791 - main - INFO - Included router: routers.user.router
2026-05-30 20:13:45,834 - main - INFO - Included router: routers.versions.router
2026-05-30 20:13:45,835 - main - INFO - === Application startup initiated ===
2026-05-30 20:13:45,835 - services.database - INFO - Ignore creating tables
2026-05-30 20:13:45,835 - services.mock_data - INFO - Ignore initialize data
2026-05-30 20:13:45,835 - services.auth - INFO - Ignore initialize admin
2026-05-30 20:13:45,835 - main - INFO - === Application startup completed successfully ===
2026-05-30 20:13:54,917 - core.config - DEBUG - Read dynamic attribute jwt_secret_key from environment variable JWT_SECRET_KEY
2026-05-30 20:13:54,918 - core.config - DEBUG - Read dynamic attribute jwt_algorithm from environment variable JWT_ALGORITHM
2026-05-30 20:13:54,926 - core.auth - DEBUG - Authentication token validated for user hash: 77856f5d
2026-05-30 20:13:55,274 - core.auth - DEBUG - Authentication token validated for user hash: 77856f5d
2026-05-30 20:13:55,274 - core.database - DEBUG - [DB_OP] Starting get_db session creation
2026-05-30 20:13:55,274 - core.database - WARNING - Database session maker not available, attempting lazy initialization...
2026-05-30 20:13:55,274 - core.database - WARNING - Database not initialized, attempting lazy initialization...
2026-05-30 20:13:55,274 - core.database - INFO - Starting database initialization...
2026-05-30 20:13:55,274 - core.config - DEBUG - Read dynamic attribute database_url from environment variable DATABASE_URL
2026-05-30 20:13:55,274 - core.database - INFO - Normalizing database URL for async compatibility...
2026-05-30 20:13:55,275 - core.database - INFO - Creating async database engine...
2026-05-30 20:13:55,275 - core.database - INFO - Using QueuePool with connection pooling for non-Lambda environment
2026-05-30 20:13:55,319 - core.database - INFO - Database engine created successfully
2026-05-30 20:13:55,319 - core.database - INFO - Creating async session maker...
2026-05-30 20:13:55,319 - core.database - INFO - Async session maker created successfully
2026-05-30 20:13:55,319 - core.database - INFO - Database connection initialized successfully
2026-05-30 20:13:55,319 - core.database - DEBUG - [DB_OP] Starting create_tables
2026-05-30 20:13:55,319 - core.database - INFO - 🔧 Starting table creation...
2026-05-30 20:13:56,872 - core.database - INFO - Tables initialized successfully
2026-05-30 20:13:56,873 - core.database - DEBUG - [DB_OP] Create tables completed in 1.5536s
2026-05-30 20:13:56,936 - core.database - INFO - Lazy database initialization completed successfully
2026-05-30 20:13:56,936 - core.database - DEBUG - [DB_OP] Database session created successfully in 1.6624s
2026-05-30 20:13:56,937 - routers.projects - DEBUG - Querying projectss: query=None, sort=-updated_at, skip=0, limit=50, fields=None
2026-05-30 20:13:57,588 - routers.projects - DEBUG - Found 9 projectss
2026-05-30 20:13:57,589 - core.database - DEBUG - [DB_OP] Database session cleanup after 2.3151s
2026-05-30 20:14:57,418 - core.auth - DEBUG - Authentication token validated for user hash: 77856f5d
2026-05-30 20:14:57,706 - core.auth - DEBUG - Authentication token validated for user hash: 77856f5d
2026-05-30 20:14:57,706 - core.database - DEBUG - [DB_OP] Starting get_db session creation
2026-05-30 20:14:57,707 - core.database - DEBUG - [DB_OP] Database session created successfully in 0.0002s
2026-05-30 20:14:57,707 - routers.projects - DEBUG - Querying projectss: query=None, sort=-updated_at, skip=0, limit=50, fields=None
2026-05-30 20:14:58,090 - routers.projects - DEBUG - Found 9 projectss
2026-05-30 20:14:58,091 - core.database - DEBUG - [DB_OP] Database session cleanup after 0.3843s
2026-05-30 20:24:57,545 - services.database - DEBUG - [DB_OP] Starting database close
2026-05-30 20:24:57,546 - core.database - INFO - Database connection closed and engine disposed
2026-05-30 20:24:57,546 - services.database - INFO - Database connections closed
2026-05-30 20:24:57,546 - services.database - DEBUG - [DB_OP] Database close completed in 0.0010s
