2026-05-31 00:26:59,758 - main - INFO - === Logging system initialized ===
2026-05-31 00:26:59,759 - main - INFO - Log file: logs/app_20260531_002659.log
2026-05-31 00:26:59,759 - main - INFO - Log level: INFO
2026-05-31 00:26:59,759 - main - INFO - Timestamp: 20260531_002659
2026-05-31 00:27:00,857 - main - INFO - Included router: routers.ai_generate.router
2026-05-31 00:27:00,881 - main - INFO - Included router: routers.aihub.router
2026-05-31 00:27:00,899 - main - INFO - Included router: routers.auth.router
2026-05-31 00:27:00,950 - main - INFO - Included router: routers.conversations.router
2026-05-31 00:27:00,953 - main - INFO - Included router: routers.health.router
2026-05-31 00:27:01,004 - main - INFO - Included router: routers.project_files.router
2026-05-31 00:27:01,116 - main - INFO - Included router: routers.projects.router
2026-05-31 00:27:01,128 - main - INFO - Included router: routers.publish.router
2026-05-31 00:27:01,151 - main - INFO - Included router: routers.settings.router
2026-05-31 00:27:01,188 - main - INFO - Included router: routers.storage.router
2026-05-31 00:27:01,196 - main - INFO - Included router: routers.user.router
2026-05-31 00:27:01,243 - main - INFO - Included router: routers.versions.router
2026-05-31 00:27:01,245 - main - INFO - === Application startup initiated ===
2026-05-31 00:27:01,246 - services.database - INFO - Ignore creating tables
2026-05-31 00:27:01,246 - services.mock_data - INFO - Ignore initialize data
2026-05-31 00:27:01,246 - services.auth - INFO - Ignore initialize admin
2026-05-31 00:27:01,246 - main - INFO - === Application startup completed successfully ===
2026-05-31 00:29:26,700 - services.database - DEBUG - [DB_OP] Starting database close
2026-05-31 00:29:26,700 - services.database - INFO - Database connections closed
2026-05-31 00:29:26,701 - services.database - DEBUG - [DB_OP] Database close completed in 0.0010s
