2026-05-31 00:14:09,379 - main - INFO - === Logging system initialized ===
2026-05-31 00:14:09,380 - main - INFO - Log file: logs/app_20260531_001409.log
2026-05-31 00:14:09,380 - main - INFO - Log level: INFO
2026-05-31 00:14:09,380 - main - INFO - Timestamp: 20260531_001409
2026-05-31 00:14:10,449 - main - INFO - Included router: routers.ai_generate.router
2026-05-31 00:14:10,477 - main - INFO - Included router: routers.aihub.router
2026-05-31 00:14:10,494 - main - INFO - Included router: routers.auth.router
2026-05-31 00:14:10,542 - main - INFO - Included router: routers.conversations.router
2026-05-31 00:14:10,545 - main - INFO - Included router: routers.health.router
2026-05-31 00:14:10,598 - main - INFO - Included router: routers.project_files.router
2026-05-31 00:14:10,654 - main - INFO - Included router: routers.projects.router
2026-05-31 00:14:10,666 - main - INFO - Included router: routers.publish.router
2026-05-31 00:14:10,691 - main - INFO - Included router: routers.settings.router
2026-05-31 00:14:10,735 - main - INFO - Included router: routers.storage.router
2026-05-31 00:14:10,746 - main - INFO - Included router: routers.user.router
2026-05-31 00:14:10,797 - main - INFO - Included router: routers.versions.router
2026-05-31 00:14:10,798 - main - INFO - === Application startup initiated ===
2026-05-31 00:14:10,798 - services.database - INFO - Ignore creating tables
2026-05-31 00:14:10,798 - services.mock_data - INFO - Ignore initialize data
2026-05-31 00:14:10,798 - services.auth - INFO - Ignore initialize admin
2026-05-31 00:14:10,798 - main - INFO - === Application startup completed successfully ===
