2026-05-29 20:47:22,209 - main - INFO - === Logging system initialized ===
2026-05-29 20:47:22,209 - main - INFO - Log file: logs/app_20260529_204722.log
2026-05-29 20:47:22,209 - main - INFO - Log level: INFO
2026-05-29 20:47:22,209 - main - INFO - Timestamp: 20260529_204722
2026-05-29 20:47:23,089 - main - INFO - Included router: routers.ai_generate.router
2026-05-29 20:47:23,115 - main - INFO - Included router: routers.aihub.router
2026-05-29 20:47:23,142 - main - INFO - Included router: routers.auth.router
2026-05-29 20:47:23,189 - main - INFO - Included router: routers.conversations.router
2026-05-29 20:47:23,191 - main - INFO - Included router: routers.health.router
2026-05-29 20:47:23,242 - main - INFO - Included router: routers.project_files.router
2026-05-29 20:47:23,306 - main - INFO - Included router: routers.projects.router
2026-05-29 20:47:23,315 - main - INFO - Included router: routers.publish.router
2026-05-29 20:47:23,334 - main - INFO - Included router: routers.settings.router
2026-05-29 20:47:23,370 - main - INFO - Included router: routers.storage.router
2026-05-29 20:47:23,386 - main - INFO - Included router: routers.user.router
2026-05-29 20:47:23,429 - main - INFO - Included router: routers.versions.router
2026-05-29 20:47:23,430 - main - INFO - === Application startup initiated ===
2026-05-29 20:47:23,431 - services.database - INFO - Ignore creating tables
2026-05-29 20:47:23,431 - services.mock_data - INFO - Ignore initialize data
2026-05-29 20:47:23,432 - services.auth - INFO - Ignore initialize admin
2026-05-29 20:47:23,432 - main - INFO - === Application startup completed successfully ===
2026-05-29 20:47:27,084 - core.config - DEBUG - Read dynamic attribute jwt_secret_key from environment variable JWT_SECRET_KEY
2026-05-29 20:47:27,085 - core.config - DEBUG - Read dynamic attribute jwt_algorithm from environment variable JWT_ALGORITHM
2026-05-29 20:47:27,092 - core.auth - DEBUG - Authentication token validated for user hash: 77856f5d
2026-05-29 20:47:27,397 - core.auth - DEBUG - Authentication token validated for user hash: 77856f5d
2026-05-29 20:47:27,398 - core.database - DEBUG - [DB_OP] Starting get_db session creation
2026-05-29 20:47:27,398 - core.database - WARNING - Database session maker not available, attempting lazy initialization...
2026-05-29 20:47:27,398 - core.database - WARNING - Database not initialized, attempting lazy initialization...
2026-05-29 20:47:27,398 - core.database - INFO - Starting database initialization...
2026-05-29 20:47:27,398 - core.config - DEBUG - Read dynamic attribute database_url from environment variable DATABASE_URL
2026-05-29 20:47:27,398 - core.database - INFO - Normalizing database URL for async compatibility...
2026-05-29 20:47:27,399 - core.database - INFO - Creating async database engine...
2026-05-29 20:47:27,399 - core.database - INFO - Using QueuePool with connection pooling for non-Lambda environment
2026-05-29 20:47:27,442 - core.database - INFO - Database engine created successfully
2026-05-29 20:47:27,442 - core.database - INFO - Creating async session maker...
2026-05-29 20:47:27,442 - core.database - INFO - Async session maker created successfully
2026-05-29 20:47:27,442 - core.database - INFO - Database connection initialized successfully
2026-05-29 20:47:27,442 - core.database - DEBUG - [DB_OP] Starting create_tables
2026-05-29 20:47:27,442 - core.database - INFO - 🔧 Starting table creation...
2026-05-29 20:47:29,010 - core.database - INFO - Tables initialized successfully
2026-05-29 20:47:29,010 - core.database - DEBUG - [DB_OP] Create tables completed in 1.5678s
2026-05-29 20:47:29,074 - core.database - INFO - Lazy database initialization completed successfully
2026-05-29 20:47:29,074 - core.database - DEBUG - [DB_OP] Database session created successfully in 1.6770s
2026-05-29 20:47:29,075 - routers.projects - DEBUG - Querying projectss: query=None, sort=-updated_at, skip=0, limit=50, fields=None
2026-05-29 20:47:29,734 - routers.projects - DEBUG - Found 9 projectss
2026-05-29 20:47:29,735 - core.database - DEBUG - [DB_OP] Database session cleanup after 2.3373s
2026-05-29 20:48:16,555 - services.database - DEBUG - [DB_OP] Starting database close
2026-05-29 20:48:16,623 - core.database - INFO - Database connection closed and engine disposed
2026-05-29 20:48:16,623 - services.database - INFO - Database connections closed
2026-05-29 20:48:16,623 - services.database - DEBUG - [DB_OP] Database close completed in 0.0677s
