2026-05-29 21:57:33,941 - main - INFO - === Logging system initialized ===
2026-05-29 21:57:33,941 - main - INFO - Log file: logs/app_20260529_215733.log
2026-05-29 21:57:33,941 - main - INFO - Log level: INFO
2026-05-29 21:57:33,941 - main - INFO - Timestamp: 20260529_215733
2026-05-29 21:57:35,403 - main - INFO - Included router: routers.ai_generate.router
2026-05-29 21:57:35,445 - main - INFO - Included router: routers.aihub.router
2026-05-29 21:57:35,463 - main - INFO - Included router: routers.auth.router
2026-05-29 21:57:35,541 - main - INFO - Included router: routers.conversations.router
2026-05-29 21:57:35,550 - main - INFO - Included router: routers.health.router
2026-05-29 21:57:35,660 - main - INFO - Included router: routers.project_files.router
2026-05-29 21:57:35,736 - main - INFO - Included router: routers.projects.router
2026-05-29 21:57:35,772 - main - INFO - Included router: routers.publish.router
2026-05-29 21:57:35,806 - main - INFO - Included router: routers.settings.router
2026-05-29 21:57:35,870 - main - INFO - Included router: routers.storage.router
2026-05-29 21:57:35,888 - main - INFO - Included router: routers.user.router
2026-05-29 21:57:35,967 - main - INFO - Included router: routers.versions.router
2026-05-29 21:57:35,970 - main - INFO - === Application startup initiated ===
2026-05-29 21:57:35,970 - services.database - INFO - Ignore creating tables
2026-05-29 21:57:35,970 - services.mock_data - INFO - Ignore initialize data
2026-05-29 21:57:35,970 - services.auth - INFO - Ignore initialize admin
2026-05-29 21:57:35,970 - main - INFO - === Application startup completed successfully ===
2026-05-29 21:57:44,347 - core.config - DEBUG - Read dynamic attribute jwt_secret_key from environment variable JWT_SECRET_KEY
2026-05-29 21:57:44,348 - core.config - DEBUG - Read dynamic attribute jwt_algorithm from environment variable JWT_ALGORITHM
2026-05-29 21:57:44,505 - core.auth - DEBUG - Authentication token validated for user hash: 77856f5d
2026-05-29 21:57:44,907 - core.auth - DEBUG - Authentication token validated for user hash: 77856f5d
2026-05-29 21:57:44,908 - core.database - DEBUG - [DB_OP] Starting get_db session creation
2026-05-29 21:57:44,908 - core.database - WARNING - Database session maker not available, attempting lazy initialization...
2026-05-29 21:57:44,908 - core.database - WARNING - Database not initialized, attempting lazy initialization...
2026-05-29 21:57:44,908 - core.database - INFO - Starting database initialization...
2026-05-29 21:57:44,908 - core.config - DEBUG - Read dynamic attribute database_url from environment variable DATABASE_URL
2026-05-29 21:57:44,908 - core.database - INFO - Normalizing database URL for async compatibility...
2026-05-29 21:57:44,909 - core.database - INFO - Creating async database engine...
2026-05-29 21:57:44,912 - core.database - INFO - Using QueuePool with connection pooling for non-Lambda environment
2026-05-29 21:57:44,975 - core.database - INFO - Database engine created successfully
2026-05-29 21:57:44,975 - core.database - INFO - Creating async session maker...
2026-05-29 21:57:44,975 - core.database - INFO - Async session maker created successfully
2026-05-29 21:57:44,975 - core.database - INFO - Database connection initialized successfully
2026-05-29 21:57:44,975 - core.database - DEBUG - [DB_OP] Starting create_tables
2026-05-29 21:57:44,975 - core.database - INFO - 🔧 Starting table creation...
2026-05-29 21:57:46,758 - core.database - INFO - Tables initialized successfully
2026-05-29 21:57:46,759 - core.database - DEBUG - [DB_OP] Create tables completed in 1.7837s
2026-05-29 21:57:46,823 - core.database - INFO - Lazy database initialization completed successfully
2026-05-29 21:57:46,824 - core.database - DEBUG - [DB_OP] Database session created successfully in 1.9159s
2026-05-29 21:57:46,824 - routers.projects - DEBUG - Querying projectss: query=None, sort=-updated_at, skip=0, limit=50, fields=None
2026-05-29 21:57:47,537 - routers.projects - DEBUG - Found 9 projectss
2026-05-29 21:57:47,538 - core.database - DEBUG - [DB_OP] Database session cleanup after 2.6305s
2026-05-29 22:09:31,977 - services.database - DEBUG - [DB_OP] Starting database close
2026-05-29 22:09:31,978 - core.database - INFO - Database connection closed and engine disposed
2026-05-29 22:09:31,978 - services.database - INFO - Database connections closed
2026-05-29 22:09:31,978 - services.database - DEBUG - [DB_OP] Database close completed in 0.0012s
