2026-05-29 20:08:36,767 - main - INFO - === Logging system initialized ===
2026-05-29 20:08:36,767 - main - INFO - Log file: logs/app_20260529_200836.log
2026-05-29 20:08:36,768 - main - INFO - Log level: INFO
2026-05-29 20:08:36,768 - main - INFO - Timestamp: 20260529_200836
2026-05-29 20:08:37,647 - main - INFO - Included router: routers.ai_generate.router
2026-05-29 20:08:37,671 - main - INFO - Included router: routers.aihub.router
2026-05-29 20:08:37,687 - main - INFO - Included router: routers.auth.router
2026-05-29 20:08:37,737 - main - INFO - Included router: routers.conversations.router
2026-05-29 20:08:37,739 - main - INFO - Included router: routers.health.router
2026-05-29 20:08:37,790 - main - INFO - Included router: routers.project_files.router
2026-05-29 20:08:37,845 - main - INFO - Included router: routers.projects.router
2026-05-29 20:08:37,865 - main - INFO - Included router: routers.publish.router
2026-05-29 20:08:37,886 - main - INFO - Included router: routers.settings.router
2026-05-29 20:08:37,924 - main - INFO - Included router: routers.storage.router
2026-05-29 20:08:37,934 - main - INFO - Included router: routers.user.router
2026-05-29 20:08:37,980 - main - INFO - Included router: routers.versions.router
2026-05-29 20:08:37,982 - main - INFO - === Application startup initiated ===
2026-05-29 20:08:37,982 - services.database - INFO - Ignore creating tables
2026-05-29 20:08:37,982 - services.mock_data - INFO - Ignore initialize data
2026-05-29 20:08:37,982 - services.auth - INFO - Ignore initialize admin
2026-05-29 20:08:37,982 - main - INFO - === Application startup completed successfully ===
2026-05-29 20:12:16,568 - dependencies.auth - DEBUG - Authentication required for request GET /api/v1/auth/me
2026-05-29 20:13:46,693 - dependencies.auth - DEBUG - Authentication required for request GET /api/v1/auth/me
2026-05-29 20:13:50,607 - core.database - DEBUG - [DB_OP] Starting get_db session creation
2026-05-29 20:13:50,607 - core.database - WARNING - Database session maker not available, attempting lazy initialization...
2026-05-29 20:13:50,608 - core.database - WARNING - Database not initialized, attempting lazy initialization...
2026-05-29 20:13:50,608 - core.database - INFO - Starting database initialization...
2026-05-29 20:13:50,608 - core.config - DEBUG - Read dynamic attribute database_url from environment variable DATABASE_URL
2026-05-29 20:13:50,608 - core.database - INFO - Normalizing database URL for async compatibility...
2026-05-29 20:13:50,609 - core.database - INFO - Creating async database engine...
2026-05-29 20:13:50,609 - core.database - INFO - Using QueuePool with connection pooling for non-Lambda environment
2026-05-29 20:13:50,895 - core.database - INFO - Database engine created successfully
2026-05-29 20:13:50,896 - core.database - INFO - Creating async session maker...
2026-05-29 20:13:50,896 - core.database - INFO - Async session maker created successfully
2026-05-29 20:13:50,896 - core.database - INFO - Database connection initialized successfully
2026-05-29 20:13:50,896 - core.database - DEBUG - [DB_OP] Starting create_tables
2026-05-29 20:13:50,896 - core.database - INFO - 🔧 Starting table creation...
2026-05-29 20:13:50,901 - dependencies.auth - DEBUG - Authentication required for request GET /api/v1/auth/me
2026-05-29 20:13:51,873 - core.database - DEBUG - [DB_OP] Starting get_db session creation
2026-05-29 20:13:51,874 - core.database - DEBUG - [DB_OP] Database session created successfully in 0.0006s
2026-05-29 20:13:51,874 - routers.auth - INFO - [token/exchange] Received platform token exchange request
2026-05-29 20:13:51,874 - core.config - DEBUG - Read dynamic attribute oidc_issuer_url from environment variable OIDC_ISSUER_URL
2026-05-29 20:13:51,874 - routers.auth - DEBUG - [token/exchange] Verifying token with issuer: https://auth.atoms.dev/api/v1/oidc/platform/tokens/verify
2026-05-29 20:13:52,421 - httpcore.connection - DEBUG - connect_tcp.started host='auth.atoms.dev' port=443 local_address=None timeout=5.0 socket_options=None
2026-05-29 20:13:52,430 - httpcore.connection - DEBUG - connect_tcp.complete return_value=<httpcore._backends.anyio.AnyIOStream object at 0x7f3cc1501930>
2026-05-29 20:13:52,430 - httpcore.connection - DEBUG - start_tls.started ssl_context=<ssl.SSLContext object at 0x7f3cc143ee40> server_hostname='auth.atoms.dev' timeout=5.0
2026-05-29 20:13:52,442 - httpcore.connection - DEBUG - start_tls.complete return_value=<httpcore._backends.anyio.AnyIOStream object at 0x7f3cc15014e0>
2026-05-29 20:13:52,443 - httpcore.http11 - DEBUG - send_request_headers.started request=<Request [b'POST']>
2026-05-29 20:13:52,444 - httpcore.http11 - DEBUG - send_request_headers.complete
2026-05-29 20:13:52,444 - httpcore.http11 - DEBUG - send_request_body.started request=<Request [b'POST']>
2026-05-29 20:13:52,446 - httpcore.http11 - DEBUG - send_request_body.complete
2026-05-29 20:13:52,446 - httpcore.http11 - DEBUG - receive_response_headers.started request=<Request [b'POST']>
2026-05-29 20:13:52,509 - httpcore.http11 - DEBUG - receive_response_headers.complete return_value=(b'HTTP/1.1', 200, b'OK', [(b'Date', b'Sat, 30 May 2026 03:13:52 GMT'), (b'Content-Type', b'application/json'), (b'Transfer-Encoding', b'chunked'), (b'Connection', b'keep-alive'), (b'x-response-time', b'0.001s'), (b'x-request-id', b'4bcbf7d39779160a4fdffafc265d265e'), (b'cf-cache-status', b'DYNAMIC'), (b'Content-Encoding', b'gzip'), (b'Server', b'cloudflare'), (b'CF-RAY', b'a03a90bec89ff7bd-LAX')])
2026-05-29 20:13:52,510 - httpx - INFO - HTTP Request: POST https://auth.atoms.dev/api/v1/oidc/platform/tokens/verify "HTTP/1.1 200 OK"
2026-05-29 20:13:52,511 - httpcore.http11 - DEBUG - receive_response_body.started request=<Request [b'POST']>
2026-05-29 20:13:52,511 - httpcore.http11 - DEBUG - receive_response_body.complete
2026-05-29 20:13:52,511 - httpcore.http11 - DEBUG - response_closed.started
2026-05-29 20:13:52,511 - httpcore.http11 - DEBUG - response_closed.complete
2026-05-29 20:13:52,512 - httpcore.connection - DEBUG - close.started
2026-05-29 20:13:52,512 - httpcore.connection - DEBUG - close.complete
2026-05-29 20:13:52,512 - routers.auth - DEBUG - [token/exchange] Issuer response status: 200
2026-05-29 20:13:52,512 - routers.auth - DEBUG - [token/exchange] Issuer response body: {'success': True, 'data': {'email': 'liujiaxin849217890@gmail.com', 'exp': 1782701066, 'iat': 1780109066, 'pv': 0, 'user_id': 1281611}, 'message': 'Platform token verified', 'code': 0, 'timestamp': '2026-05-30T03:13:52.501698'}
2026-05-29 20:13:52,512 - routers.auth - INFO - [token/exchange] Token verified, platform_user_id=1281611, email=liujiaxin849217890@gmail.com
2026-05-29 20:13:52,512 - core.config - DEBUG - Read dynamic attribute admin_user_id from environment variable ADMIN_USER_ID
2026-05-29 20:13:52,512 - routers.auth - INFO - [token/exchange] User verified: platform_user_id=1281611, role=admin
2026-05-29 20:13:52,517 - routers.auth - DEBUG - [token/exchange] User object for token issuance: id=1281611, email=liujiaxin849217890@gmail.com, role=admin
2026-05-29 20:13:52,518 - core.config - DEBUG - Read dynamic attribute jwt_expire_minutes from environment variable JWT_EXPIRE_MINUTES
2026-05-29 20:13:52,518 - core.config - DEBUG - Read dynamic attribute jwt_secret_key from environment variable JWT_SECRET_KEY
2026-05-29 20:13:52,518 - core.config - DEBUG - Read dynamic attribute jwt_algorithm from environment variable JWT_ALGORITHM
2026-05-29 20:13:52,571 - core.auth - DEBUG - Authentication token created for user hash: 77856f5d
2026-05-29 20:13:52,571 - routers.auth - INFO - [token/exchange] Token issued successfully for user_id=1281611, expires_at=2026-06-29 03:13:52.518327+00:00
2026-05-29 20:13:52,572 - core.database - DEBUG - [DB_OP] Database session cleanup after 0.6987s
2026-05-29 20:13:53,626 - core.database - INFO - Tables initialized successfully
2026-05-29 20:13:53,627 - core.database - DEBUG - [DB_OP] Create tables completed in 2.7306s
2026-05-29 20:13:53,690 - core.database - INFO - Lazy database initialization completed successfully
2026-05-29 20:13:53,691 - core.database - DEBUG - [DB_OP] Database session created successfully in 3.0837s
2026-05-29 20:13:53,691 - routers.auth - INFO - [token/exchange] Received platform token exchange request
2026-05-29 20:13:53,691 - routers.auth - DEBUG - [token/exchange] Verifying token with issuer: https://auth.atoms.dev/api/v1/oidc/platform/tokens/verify
2026-05-29 20:13:53,721 - httpcore.connection - DEBUG - connect_tcp.started host='auth.atoms.dev' port=443 local_address=None timeout=5.0 socket_options=None
2026-05-29 20:13:53,742 - httpcore.connection - DEBUG - connect_tcp.complete return_value=<httpcore._backends.anyio.AnyIOStream object at 0x7f3cc129e020>
2026-05-29 20:13:53,742 - httpcore.connection - DEBUG - start_tls.started ssl_context=<ssl.SSLContext object at 0x7f3cc143cec0> server_hostname='auth.atoms.dev' timeout=5.0
2026-05-29 20:13:53,761 - httpcore.connection - DEBUG - start_tls.complete return_value=<httpcore._backends.anyio.AnyIOStream object at 0x7f3cc129d7e0>
2026-05-29 20:13:53,761 - httpcore.http11 - DEBUG - send_request_headers.started request=<Request [b'POST']>
2026-05-29 20:13:53,762 - httpcore.http11 - DEBUG - send_request_headers.complete
2026-05-29 20:13:53,762 - httpcore.http11 - DEBUG - send_request_body.started request=<Request [b'POST']>
2026-05-29 20:13:53,762 - httpcore.http11 - DEBUG - send_request_body.complete
2026-05-29 20:13:53,763 - httpcore.http11 - DEBUG - receive_response_headers.started request=<Request [b'POST']>
2026-05-29 20:13:53,823 - httpcore.http11 - DEBUG - receive_response_headers.complete return_value=(b'HTTP/1.1', 200, b'OK', [(b'Date', b'Sat, 30 May 2026 03:13:53 GMT'), (b'Content-Type', b'application/json'), (b'Transfer-Encoding', b'chunked'), (b'Connection', b'keep-alive'), (b'x-response-time', b'0.002s'), (b'x-request-id', b'6d9ebe38a8eef91a445407bd7bc106e9'), (b'cf-cache-status', b'DYNAMIC'), (b'Content-Encoding', b'gzip'), (b'Server', b'cloudflare'), (b'CF-RAY', b'a03a90c70c98e9df-LAX')])
2026-05-29 20:13:53,824 - httpx - INFO - HTTP Request: POST https://auth.atoms.dev/api/v1/oidc/platform/tokens/verify "HTTP/1.1 200 OK"
2026-05-29 20:13:53,824 - httpcore.http11 - DEBUG - receive_response_body.started request=<Request [b'POST']>
2026-05-29 20:13:53,825 - httpcore.http11 - DEBUG - receive_response_body.complete
2026-05-29 20:13:53,825 - httpcore.http11 - DEBUG - response_closed.started
2026-05-29 20:13:53,825 - httpcore.http11 - DEBUG - response_closed.complete
2026-05-29 20:13:53,825 - httpcore.connection - DEBUG - close.started
2026-05-29 20:13:53,826 - httpcore.connection - DEBUG - close.complete
2026-05-29 20:13:53,826 - routers.auth - DEBUG - [token/exchange] Issuer response status: 200
2026-05-29 20:13:53,826 - routers.auth - DEBUG - [token/exchange] Issuer response body: {'success': True, 'data': {'email': 'liujiaxin849217890@gmail.com', 'exp': 1782701066, 'iat': 1780109066, 'pv': 0, 'user_id': 1281611}, 'message': 'Platform token verified', 'code': 0, 'timestamp': '2026-05-30T03:13:53.817578'}
2026-05-29 20:13:53,826 - routers.auth - INFO - [token/exchange] Token verified, platform_user_id=1281611, email=liujiaxin849217890@gmail.com
2026-05-29 20:13:53,827 - routers.auth - INFO - [token/exchange] User verified: platform_user_id=1281611, role=admin
2026-05-29 20:13:53,827 - routers.auth - DEBUG - [token/exchange] User object for token issuance: id=1281611, email=liujiaxin849217890@gmail.com, role=admin
2026-05-29 20:13:53,827 - core.auth - DEBUG - Authentication token created for user hash: 77856f5d
2026-05-29 20:13:53,828 - routers.auth - INFO - [token/exchange] Token issued successfully for user_id=1281611, expires_at=2026-06-29 03:13:53.827595+00:00
2026-05-29 20:13:53,828 - core.database - DEBUG - [DB_OP] Database session cleanup after 3.2209s
2026-05-29 20:13:55,587 - core.auth - DEBUG - Authentication token validated for user hash: 77856f5d
2026-05-29 20:13:55,903 - core.auth - DEBUG - Authentication token validated for user hash: 77856f5d
2026-05-29 20:13:55,903 - core.database - DEBUG - [DB_OP] Starting get_db session creation
2026-05-29 20:13:55,903 - core.database - DEBUG - [DB_OP] Database session created successfully in 0.0002s
2026-05-29 20:13:55,904 - routers.projects - DEBUG - Querying projectss: query=None, sort=-updated_at, skip=0, limit=50, fields=None
2026-05-29 20:13:56,507 - routers.projects - DEBUG - Found 0 projectss
2026-05-29 20:13:56,507 - core.database - DEBUG - [DB_OP] Database session cleanup after 0.6045s
2026-05-29 20:14:02,045 - core.config - DEBUG - Read dynamic attribute frontend_url from environment variable FRONTEND_URL
2026-05-29 20:14:04,588 - dependencies.auth - DEBUG - Authentication required for request GET /api/v1/auth/me
2026-05-29 20:14:06,222 - services.database - DEBUG - [DB_OP] Starting database close
2026-05-29 20:14:06,288 - core.database - INFO - Database connection closed and engine disposed
2026-05-29 20:14:06,289 - services.database - INFO - Database connections closed
2026-05-29 20:14:06,289 - services.database - DEBUG - [DB_OP] Database close completed in 0.0672s
