2026-05-29 22:42:36,541 - main - INFO - === Logging system initialized ===
2026-05-29 22:42:36,542 - main - INFO - Log file: logs/app_20260529_224236.log
2026-05-29 22:42:36,542 - main - INFO - Log level: INFO
2026-05-29 22:42:36,542 - main - INFO - Timestamp: 20260529_224236
2026-05-29 22:42:37,467 - main - INFO - Included router: routers.ai_generate.router
2026-05-29 22:42:37,487 - main - INFO - Included router: routers.aihub.router
2026-05-29 22:42:37,501 - main - INFO - Included router: routers.auth.router
2026-05-29 22:42:37,553 - main - INFO - Included router: routers.conversations.router
2026-05-29 22:42:37,555 - main - INFO - Included router: routers.health.router
2026-05-29 22:42:37,600 - main - INFO - Included router: routers.project_files.router
2026-05-29 22:42:37,651 - main - INFO - Included router: routers.projects.router
2026-05-29 22:42:37,659 - main - INFO - Included router: routers.publish.router
2026-05-29 22:42:37,679 - main - INFO - Included router: routers.settings.router
2026-05-29 22:42:37,714 - main - INFO - Included router: routers.storage.router
2026-05-29 22:42:37,721 - main - INFO - Included router: routers.user.router
2026-05-29 22:42:37,767 - main - INFO - Included router: routers.versions.router
2026-05-29 22:42:37,768 - main - INFO - === Application startup initiated ===
2026-05-29 22:42:37,768 - services.database - INFO - Ignore creating tables
2026-05-29 22:42:37,768 - services.mock_data - INFO - Ignore initialize data
2026-05-29 22:42:37,769 - services.auth - INFO - Ignore initialize admin
2026-05-29 22:42:37,769 - main - INFO - === Application startup completed successfully ===
2026-05-29 22:42:55,584 - core.config - DEBUG - Read dynamic attribute jwt_secret_key from environment variable JWT_SECRET_KEY
2026-05-29 22:42:55,584 - core.config - DEBUG - Read dynamic attribute jwt_algorithm from environment variable JWT_ALGORITHM
2026-05-29 22:42:55,734 - core.auth - DEBUG - Authentication token validated for user hash: 77856f5d
2026-05-29 22:42:56,193 - core.auth - DEBUG - Authentication token validated for user hash: 77856f5d
2026-05-29 22:42:56,194 - core.database - DEBUG - [DB_OP] Starting get_db session creation
2026-05-29 22:42:56,194 - core.database - WARNING - Database session maker not available, attempting lazy initialization...
2026-05-29 22:42:56,194 - core.database - WARNING - Database not initialized, attempting lazy initialization...
2026-05-29 22:42:56,194 - core.database - INFO - Starting database initialization...
2026-05-29 22:42:56,194 - core.config - DEBUG - Read dynamic attribute database_url from environment variable DATABASE_URL
2026-05-29 22:42:56,195 - core.database - INFO - Normalizing database URL for async compatibility...
2026-05-29 22:42:56,196 - core.database - INFO - Creating async database engine...
2026-05-29 22:42:56,196 - core.database - INFO - Using QueuePool with connection pooling for non-Lambda environment
2026-05-29 22:42:56,250 - core.database - INFO - Database engine created successfully
2026-05-29 22:42:56,251 - core.database - INFO - Creating async session maker...
2026-05-29 22:42:56,251 - core.database - INFO - Async session maker created successfully
2026-05-29 22:42:56,251 - core.database - INFO - Database connection initialized successfully
2026-05-29 22:42:56,251 - core.database - DEBUG - [DB_OP] Starting create_tables
2026-05-29 22:42:56,251 - core.database - INFO - 🔧 Starting table creation...
2026-05-29 22:42:57,991 - core.database - INFO - Tables initialized successfully
2026-05-29 22:42:57,991 - core.database - DEBUG - [DB_OP] Create tables completed in 1.7400s
2026-05-29 22:42:58,054 - core.database - INFO - Lazy database initialization completed successfully
2026-05-29 22:42:58,054 - core.database - DEBUG - [DB_OP] Database session created successfully in 1.8606s
2026-05-29 22:42:58,055 - routers.projects - DEBUG - Querying projectss: query=None, sort=-updated_at, skip=0, limit=50, fields=None
2026-05-29 22:42:58,734 - routers.projects - DEBUG - Found 9 projectss
2026-05-29 22:42:58,735 - core.database - DEBUG - [DB_OP] Database session cleanup after 2.5416s
2026-05-29 23:04:31,846 - services.database - DEBUG - [DB_OP] Starting database close
2026-05-29 23:04:31,847 - core.database - INFO - Database connection closed and engine disposed
2026-05-29 23:04:31,847 - services.database - INFO - Database connections closed
2026-05-29 23:04:31,847 - services.database - DEBUG - [DB_OP] Database close completed in 0.0011s
