2026-05-29 20:47:19,353 - main - INFO - === Logging system initialized ===
2026-05-29 20:47:19,353 - main - INFO - Log file: logs/app_20260529_204719.log
2026-05-29 20:47:19,354 - main - INFO - Log level: INFO
2026-05-29 20:47:19,354 - main - INFO - Timestamp: 20260529_204719
2026-05-29 20:47:20,448 - main - INFO - Included router: routers.ai_generate.router
2026-05-29 20:47:20,473 - main - INFO - Included router: routers.aihub.router
2026-05-29 20:47:20,489 - main - INFO - Included router: routers.auth.router
2026-05-29 20:47:20,546 - main - INFO - Included router: routers.conversations.router
2026-05-29 20:47:20,548 - main - INFO - Included router: routers.health.router
2026-05-29 20:47:20,602 - main - INFO - Included router: routers.project_files.router
2026-05-29 20:47:20,668 - main - INFO - Included router: routers.projects.router
2026-05-29 20:47:20,683 - main - INFO - Included router: routers.publish.router
2026-05-29 20:47:20,713 - main - INFO - Included router: routers.settings.router
2026-05-29 20:47:20,753 - main - INFO - Included router: routers.storage.router
2026-05-29 20:47:20,766 - main - INFO - Included router: routers.user.router
2026-05-29 20:47:20,821 - main - INFO - Included router: routers.versions.router
2026-05-29 20:47:22,291 - watchfiles.main - DEBUG - 1 change detected: {(<Change.added: 1>, '/workspace/app/backend/logs/app_20260529_204722.log')}
2026-05-29 20:47:22,642 - watchfiles.main - DEBUG - 1 change detected: {(<Change.modified: 2>, '/workspace/app/backend/logs/app_20260529_204719.log')}
2026-05-29 20:47:22,993 - watchfiles.main - DEBUG - 1 change detected: {(<Change.modified: 2>, '/workspace/app/backend/logs/app_20260529_204719.log')}
2026-05-29 20:47:23,344 - watchfiles.main - DEBUG - 2 changes detected: {(<Change.modified: 2>, '/workspace/app/backend/logs/app_20260529_204719.log'), (<Change.modified: 2>, '/workspace/app/backend/logs/app_20260529_204722.log')}
2026-05-29 20:47:23,694 - watchfiles.main - DEBUG - 2 changes detected: {(<Change.modified: 2>, '/workspace/app/backend/logs/app_20260529_204719.log'), (<Change.modified: 2>, '/workspace/app/backend/logs/app_20260529_204722.log')}
2026-05-29 20:47:24,045 - watchfiles.main - DEBUG - 1 change detected: {(<Change.modified: 2>, '/workspace/app/backend/logs/app_20260529_204719.log')}
2026-05-29 20:47:24,397 - watchfiles.main - DEBUG - 1 change detected: {(<Change.modified: 2>, '/workspace/app/backend/logs/app_20260529_204719.log')}
2026-05-29 20:47:24,748 - watchfiles.main - DEBUG - 1 change detected: {(<Change.modified: 2>, '/workspace/app/backend/logs/app_20260529_204719.log')}
2026-05-29 20:47:25,098 - watchfiles.main - DEBUG - 1 change detected: {(<Change.modified: 2>, '/workspace/app/backend/logs/app_20260529_204719.log')}
2026-05-29 20:47:25,449 - watchfiles.main - DEBUG - 1 change detected: {(<Change.modified: 2>, '/workspace/app/backend/logs/app_20260529_204719.log')}
2026-05-29 20:47:25,800 - watchfiles.main - DEBUG - 1 change detected: {(<Change.modified: 2>, '/workspace/app/backend/logs/app_20260529_204719.log')}
2026-05-29 20:47:26,151 - watchfiles.main - DEBUG - 1 change detected: {(<Change.modified: 2>, '/workspace/app/backend/logs/app_20260529_204719.log')}
2026-05-29 20:47:26,502 - watchfiles.main - DEBUG - 1 change detected: {(<Change.modified: 2>, '/workspace/app/backend/logs/app_20260529_204719.log')}
2026-05-29 20:47:26,852 - watchfiles.main - DEBUG - 1 change detected: {(<Change.modified: 2>, '/workspace/app/backend/logs/app_20260529_204719.log')}
2026-05-29 20:47:27,203 - watchfiles.main - DEBUG - 2 changes detected: {(<Change.modified: 2>, '/workspace/app/backend/logs/app_20260529_204719.log'), (<Change.modified: 2>, '/workspace/app/backend/logs/app_20260529_204722.log')}
2026-05-29 20:47:27,554 - watchfiles.main - DEBUG - 2 changes detected: {(<Change.modified: 2>, '/workspace/app/backend/logs/app_20260529_204719.log'), (<Change.modified: 2>, '/workspace/app/backend/logs/app_20260529_204722.log')}
2026-05-29 20:47:27,905 - watchfiles.main - DEBUG - 1 change detected: {(<Change.modified: 2>, '/workspace/app/backend/logs/app_20260529_204719.log')}
2026-05-29 20:47:28,256 - watchfiles.main - DEBUG - 1 change detected: {(<Change.modified: 2>, '/workspace/app/backend/logs/app_20260529_204719.log')}
2026-05-29 20:47:28,607 - watchfiles.main - DEBUG - 1 change detected: {(<Change.modified: 2>, '/workspace/app/backend/logs/app_20260529_204719.log')}
2026-05-29 20:47:28,958 - watchfiles.main - DEBUG - 1 change detected: {(<Change.modified: 2>, '/workspace/app/backend/logs/app_20260529_204719.log')}
2026-05-29 20:47:29,308 - watchfiles.main - DEBUG - 2 changes detected: {(<Change.modified: 2>, '/workspace/app/backend/logs/app_20260529_204719.log'), (<Change.modified: 2>, '/workspace/app/backend/logs/app_20260529_204722.log')}
2026-05-29 20:47:29,659 - watchfiles.main - DEBUG - 1 change detected: {(<Change.modified: 2>, '/workspace/app/backend/logs/app_20260529_204719.log')}
2026-05-29 20:47:30,010 - watchfiles.main - DEBUG - 2 changes detected: {(<Change.modified: 2>, '/workspace/app/backend/logs/app_20260529_204719.log'), (<Change.modified: 2>, '/workspace/app/backend/logs/app_20260529_204722.log')}
2026-05-29 20:47:30,361 - watchfiles.main - DEBUG - 1 change detected: {(<Change.modified: 2>, '/workspace/app/backend/logs/app_20260529_204719.log')}
2026-05-29 20:47:30,713 - watchfiles.main - DEBUG - 1 change detected: {(<Change.modified: 2>, '/workspace/app/backend/logs/app_20260529_204719.log')}
2026-05-29 20:47:31,064 - watchfiles.main - DEBUG - 1 change detected: {(<Change.modified: 2>, '/workspace/app/backend/logs/app_20260529_204719.log')}
2026-05-29 20:47:31,415 - watchfiles.main - DEBUG - 1 change detected: {(<Change.modified: 2>, '/workspace/app/backend/logs/app_20260529_204719.log')}
2026-05-29 20:47:31,766 - watchfiles.main - DEBUG - 1 change detected: {(<Change.modified: 2>, '/workspace/app/backend/logs/app_20260529_204719.log')}
2026-05-29 20:47:32,117 - watchfiles.main - DEBUG - 1 change detected: {(<Change.modified: 2>, '/workspace/app/backend/logs/app_20260529_204719.log')}
2026-05-29 20:47:32,468 - watchfiles.main - DEBUG - 1 change detected: {(<Change.modified: 2>, '/workspace/app/backend/logs/app_20260529_204719.log')}
2026-05-29 20:47:32,818 - watchfiles.main - DEBUG - 1 change detected: {(<Change.modified: 2>, '/workspace/app/backend/logs/app_20260529_204719.log')}
2026-05-29 20:47:33,169 - watchfiles.main - DEBUG - 1 change detected: {(<Change.modified: 2>, '/workspace/app/backend/logs/app_20260529_204719.log')}
2026-05-29 20:47:33,520 - watchfiles.main - DEBUG - 1 change detected: {(<Change.modified: 2>, '/workspace/app/backend/logs/app_20260529_204719.log')}
2026-05-29 20:47:33,871 - watchfiles.main - DEBUG - 1 change detected: {(<Change.modified: 2>, '/workspace/app/backend/logs/app_20260529_204719.log')}
2026-05-29 20:47:34,222 - watchfiles.main - DEBUG - 1 change detected: {(<Change.modified: 2>, '/workspace/app/backend/logs/app_20260529_204719.log')}
2026-05-29 20:47:34,573 - watchfiles.main - DEBUG - 1 change detected: {(<Change.modified: 2>, '/workspace/app/backend/logs/app_20260529_204719.log')}
2026-05-29 20:47:34,924 - watchfiles.main - DEBUG - 1 change detected: {(<Change.modified: 2>, '/workspace/app/backend/logs/app_20260529_204719.log')}
2026-05-29 20:47:35,276 - watchfiles.main - DEBUG - 1 change detected: {(<Change.modified: 2>, '/workspace/app/backend/logs/app_20260529_204719.log')}
2026-05-29 20:47:35,627 - watchfiles.main - DEBUG - 1 change detected: {(<Change.modified: 2>, '/workspace/app/backend/logs/app_20260529_204719.log')}
2026-05-29 20:47:35,978 - watchfiles.main - DEBUG - 1 change detected: {(<Change.modified: 2>, '/workspace/app/backend/logs/app_20260529_204719.log')}
2026-05-29 20:47:36,330 - watchfiles.main - DEBUG - 1 change detected: {(<Change.modified: 2>, '/workspace/app/backend/logs/app_20260529_204719.log')}
2026-05-29 20:47:36,681 - watchfiles.main - DEBUG - 1 change detected: {(<Change.modified: 2>, '/workspace/app/backend/logs/app_20260529_204719.log')}
2026-05-29 20:47:37,031 - watchfiles.main - DEBUG - 1 change detected: {(<Change.modified: 2>, '/workspace/app/backend/logs/app_20260529_204719.log')}
2026-05-29 20:47:37,382 - watchfiles.main - DEBUG - 1 change detected: {(<Change.modified: 2>, '/workspace/app/backend/logs/app_20260529_204719.log')}
2026-05-29 20:47:37,733 - watchfiles.main - DEBUG - 1 change detected: {(<Change.modified: 2>, '/workspace/app/backend/logs/app_20260529_204719.log')}
2026-05-29 20:47:38,084 - watchfiles.main - DEBUG - 1 change detected: {(<Change.modified: 2>, '/workspace/app/backend/logs/app_20260529_204719.log')}
2026-05-29 20:47:38,435 - watchfiles.main - DEBUG - 1 change detected: {(<Change.modified: 2>, '/workspace/app/backend/logs/app_20260529_204719.log')}
2026-05-29 20:47:38,785 - watchfiles.main - DEBUG - 1 change detected: {(<Change.modified: 2>, '/workspace/app/backend/logs/app_20260529_204719.log')}
2026-05-29 20:47:39,136 - watchfiles.main - DEBUG - 1 change detected: {(<Change.modified: 2>, '/workspace/app/backend/logs/app_20260529_204719.log')}
2026-05-29 20:47:39,487 - watchfiles.main - DEBUG - 1 change detected: {(<Change.modified: 2>, '/workspace/app/backend/logs/app_20260529_204719.log')}
2026-05-29 20:47:39,838 - watchfiles.main - DEBUG - 1 change detected: {(<Change.modified: 2>, '/workspace/app/backend/logs/app_20260529_204719.log')}
2026-05-29 20:47:40,189 - watchfiles.main - DEBUG - 1 change detected: {(<Change.modified: 2>, '/workspace/app/backend/logs/app_20260529_204719.log')}
2026-05-29 20:47:40,540 - watchfiles.main - DEBUG - 1 change detected: {(<Change.modified: 2>, '/workspace/app/backend/logs/app_20260529_204719.log')}
2026-05-29 20:47:40,891 - watchfiles.main - DEBUG - 1 change detected: {(<Change.modified: 2>, '/workspace/app/backend/logs/app_20260529_204719.log')}
2026-05-29 20:47:41,242 - watchfiles.main - DEBUG - 1 change detected: {(<Change.modified: 2>, '/workspace/app/backend/logs/app_20260529_204719.log')}
2026-05-29 20:47:41,593 - watchfiles.main - DEBUG - 1 change detected: {(<Change.modified: 2>, '/workspace/app/backend/logs/app_20260529_204719.log')}
2026-05-29 20:47:41,943 - watchfiles.main - DEBUG - 1 change detected: {(<Change.modified: 2>, '/workspace/app/backend/logs/app_20260529_204719.log')}
2026-05-29 20:47:42,295 - watchfiles.main - DEBUG - 1 change detected: {(<Change.modified: 2>, '/workspace/app/backend/logs/app_20260529_204719.log')}
2026-05-29 20:47:42,645 - watchfiles.main - DEBUG - 1 change detected: {(<Change.modified: 2>, '/workspace/app/backend/logs/app_20260529_204719.log')}
2026-05-29 20:47:42,996 - watchfiles.main - DEBUG - 1 change detected: {(<Change.modified: 2>, '/workspace/app/backend/logs/app_20260529_204719.log')}
2026-05-29 20:47:43,347 - watchfiles.main - DEBUG - 1 change detected: {(<Change.modified: 2>, '/workspace/app/backend/logs/app_20260529_204719.log')}
2026-05-29 20:47:43,698 - watchfiles.main - DEBUG - 1 change detected: {(<Change.modified: 2>, '/workspace/app/backend/logs/app_20260529_204719.log')}
2026-05-29 20:47:44,048 - watchfiles.main - DEBUG - 1 change detected: {(<Change.modified: 2>, '/workspace/app/backend/logs/app_20260529_204719.log')}
2026-05-29 20:47:44,399 - watchfiles.main - DEBUG - 1 change detected: {(<Change.modified: 2>, '/workspace/app/backend/logs/app_20260529_204719.log')}
2026-05-29 20:47:44,750 - watchfiles.main - DEBUG - 1 change detected: {(<Change.modified: 2>, '/workspace/app/backend/logs/app_20260529_204719.log')}
2026-05-29 20:47:45,101 - watchfiles.main - DEBUG - 1 change detected: {(<Change.modified: 2>, '/workspace/app/backend/logs/app_20260529_204719.log')}
2026-05-29 20:47:45,452 - watchfiles.main - DEBUG - 1 change detected: {(<Change.modified: 2>, '/workspace/app/backend/logs/app_20260529_204719.log')}
2026-05-29 20:47:45,803 - watchfiles.main - DEBUG - 1 change detected: {(<Change.modified: 2>, '/workspace/app/backend/logs/app_20260529_204719.log')}
2026-05-29 20:47:46,154 - watchfiles.main - DEBUG - 1 change detected: {(<Change.modified: 2>, '/workspace/app/backend/logs/app_20260529_204719.log')}
2026-05-29 20:47:46,505 - watchfiles.main - DEBUG - 1 change detected: {(<Change.modified: 2>, '/workspace/app/backend/logs/app_20260529_204719.log')}
2026-05-29 20:47:46,856 - watchfiles.main - DEBUG - 1 change detected: {(<Change.modified: 2>, '/workspace/app/backend/logs/app_20260529_204719.log')}
2026-05-29 20:47:47,207 - watchfiles.main - DEBUG - 1 change detected: {(<Change.modified: 2>, '/workspace/app/backend/logs/app_20260529_204719.log')}
2026-05-29 20:47:47,558 - watchfiles.main - DEBUG - 1 change detected: {(<Change.modified: 2>, '/workspace/app/backend/logs/app_20260529_204719.log')}
2026-05-29 20:47:47,909 - watchfiles.main - DEBUG - 1 change detected: {(<Change.modified: 2>, '/workspace/app/backend/logs/app_20260529_204719.log')}
2026-05-29 20:47:48,260 - watchfiles.main - DEBUG - 1 change detected: {(<Change.modified: 2>, '/workspace/app/backend/logs/app_20260529_204719.log')}
2026-05-29 20:47:48,611 - watchfiles.main - DEBUG - 1 change detected: {(<Change.modified: 2>, '/workspace/app/backend/logs/app_20260529_204719.log')}
2026-05-29 20:47:48,962 - watchfiles.main - DEBUG - 1 change detected: {(<Change.modified: 2>, '/workspace/app/backend/logs/app_20260529_204719.log')}
2026-05-29 20:47:49,313 - watchfiles.main - DEBUG - 1 change detected: {(<Change.modified: 2>, '/workspace/app/backend/logs/app_20260529_204719.log')}
2026-05-29 20:47:49,664 - watchfiles.main - DEBUG - 1 change detected: {(<Change.modified: 2>, '/workspace/app/backend/logs/app_20260529_204719.log')}
2026-05-29 20:47:50,015 - watchfiles.main - DEBUG - 1 change detected: {(<Change.modified: 2>, '/workspace/app/backend/logs/app_20260529_204719.log')}
2026-05-29 20:47:50,366 - watchfiles.main - DEBUG - 1 change detected: {(<Change.modified: 2>, '/workspace/app/backend/logs/app_20260529_204719.log')}
2026-05-29 20:47:50,717 - watchfiles.main - DEBUG - 1 change detected: {(<Change.modified: 2>, '/workspace/app/backend/logs/app_20260529_204719.log')}
2026-05-29 20:47:51,068 - watchfiles.main - DEBUG - 1 change detected: {(<Change.modified: 2>, '/workspace/app/backend/logs/app_20260529_204719.log')}
2026-05-29 20:47:51,419 - watchfiles.main - DEBUG - 1 change detected: {(<Change.modified: 2>, '/workspace/app/backend/logs/app_20260529_204719.log')}
2026-05-29 20:47:51,770 - watchfiles.main - DEBUG - 1 change detected: {(<Change.modified: 2>, '/workspace/app/backend/logs/app_20260529_204719.log')}
2026-05-29 20:47:52,121 - watchfiles.main - DEBUG - 1 change detected: {(<Change.modified: 2>, '/workspace/app/backend/logs/app_20260529_204719.log')}
2026-05-29 20:47:52,471 - watchfiles.main - DEBUG - 1 change detected: {(<Change.modified: 2>, '/workspace/app/backend/logs/app_20260529_204719.log')}
2026-05-29 20:47:52,822 - watchfiles.main - DEBUG - 1 change detected: {(<Change.modified: 2>, '/workspace/app/backend/logs/app_20260529_204719.log')}
2026-05-29 20:47:53,173 - watchfiles.main - DEBUG - 1 change detected: {(<Change.modified: 2>, '/workspace/app/backend/logs/app_20260529_204719.log')}
2026-05-29 20:47:53,524 - watchfiles.main - DEBUG - 1 change detected: {(<Change.modified: 2>, '/workspace/app/backend/logs/app_20260529_204719.log')}
2026-05-29 20:47:53,875 - watchfiles.main - DEBUG - 1 change detected: {(<Change.modified: 2>, '/workspace/app/backend/logs/app_20260529_204719.log')}
2026-05-29 20:47:54,226 - watchfiles.main - DEBUG - 1 change detected: {(<Change.modified: 2>, '/workspace/app/backend/logs/app_20260529_204719.log')}
2026-05-29 20:47:54,577 - watchfiles.main - DEBUG - 1 change detected: {(<Change.modified: 2>, '/workspace/app/backend/logs/app_20260529_204719.log')}
2026-05-29 20:47:54,927 - watchfiles.main - DEBUG - 1 change detected: {(<Change.modified: 2>, '/workspace/app/backend/logs/app_20260529_204719.log')}
2026-05-29 20:47:55,278 - watchfiles.main - DEBUG - 1 change detected: {(<Change.modified: 2>, '/workspace/app/backend/logs/app_20260529_204719.log')}
2026-05-29 20:47:55,629 - watchfiles.main - DEBUG - 1 change detected: {(<Change.modified: 2>, '/workspace/app/backend/logs/app_20260529_204719.log')}
2026-05-29 20:47:55,980 - watchfiles.main - DEBUG - 1 change detected: {(<Change.modified: 2>, '/workspace/app/backend/logs/app_20260529_204719.log')}
2026-05-29 20:47:56,331 - watchfiles.main - DEBUG - 1 change detected: {(<Change.modified: 2>, '/workspace/app/backend/logs/app_20260529_204719.log')}
2026-05-29 20:47:56,682 - watchfiles.main - DEBUG - 1 change detected: {(<Change.modified: 2>, '/workspace/app/backend/logs/app_20260529_204719.log')}
2026-05-29 20:47:57,033 - watchfiles.main - DEBUG - 1 change detected: {(<Change.modified: 2>, '/workspace/app/backend/logs/app_20260529_204719.log')}
2026-05-29 20:47:57,383 - watchfiles.main - DEBUG - 1 change detected: {(<Change.modified: 2>, '/workspace/app/backend/logs/app_20260529_204719.log')}
2026-05-29 20:47:57,734 - watchfiles.main - DEBUG - 1 change detected: {(<Change.modified: 2>, '/workspace/app/backend/logs/app_20260529_204719.log')}
2026-05-29 20:47:58,085 - watchfiles.main - DEBUG - 1 change detected: {(<Change.modified: 2>, '/workspace/app/backend/logs/app_20260529_204719.log')}
2026-05-29 20:47:58,436 - watchfiles.main - DEBUG - 1 change detected: {(<Change.modified: 2>, '/workspace/app/backend/logs/app_20260529_204719.log')}
2026-05-29 20:47:58,787 - watchfiles.main - DEBUG - 1 change detected: {(<Change.modified: 2>, '/workspace/app/backend/logs/app_20260529_204719.log')}
2026-05-29 20:47:59,137 - watchfiles.main - DEBUG - 1 change detected: {(<Change.modified: 2>, '/workspace/app/backend/logs/app_20260529_204719.log')}
2026-05-29 20:47:59,488 - watchfiles.main - DEBUG - 1 change detected: {(<Change.modified: 2>, '/workspace/app/backend/logs/app_20260529_204719.log')}
2026-05-29 20:47:59,839 - watchfiles.main - DEBUG - 1 change detected: {(<Change.modified: 2>, '/workspace/app/backend/logs/app_20260529_204719.log')}
2026-05-29 20:48:00,190 - watchfiles.main - DEBUG - 1 change detected: {(<Change.modified: 2>, '/workspace/app/backend/logs/app_20260529_204719.log')}
2026-05-29 20:48:00,541 - watchfiles.main - DEBUG - 1 change detected: {(<Change.modified: 2>, '/workspace/app/backend/logs/app_20260529_204719.log')}
2026-05-29 20:48:00,892 - watchfiles.main - DEBUG - 1 change detected: {(<Change.modified: 2>, '/workspace/app/backend/logs/app_20260529_204719.log')}
2026-05-29 20:48:01,243 - watchfiles.main - DEBUG - 1 change detected: {(<Change.modified: 2>, '/workspace/app/backend/logs/app_20260529_204719.log')}
2026-05-29 20:48:01,594 - watchfiles.main - DEBUG - 1 change detected: {(<Change.modified: 2>, '/workspace/app/backend/logs/app_20260529_204719.log')}
2026-05-29 20:48:01,945 - watchfiles.main - DEBUG - 1 change detected: {(<Change.modified: 2>, '/workspace/app/backend/logs/app_20260529_204719.log')}
2026-05-29 20:48:02,296 - watchfiles.main - DEBUG - 1 change detected: {(<Change.modified: 2>, '/workspace/app/backend/logs/app_20260529_204719.log')}
2026-05-29 20:48:02,647 - watchfiles.main - DEBUG - 1 change detected: {(<Change.modified: 2>, '/workspace/app/backend/logs/app_20260529_204719.log')}
2026-05-29 20:48:02,998 - watchfiles.main - DEBUG - 1 change detected: {(<Change.modified: 2>, '/workspace/app/backend/logs/app_20260529_204719.log')}
2026-05-29 20:48:03,348 - watchfiles.main - DEBUG - 1 change detected: {(<Change.modified: 2>, '/workspace/app/backend/logs/app_20260529_204719.log')}
2026-05-29 20:48:03,699 - watchfiles.main - DEBUG - 1 change detected: {(<Change.modified: 2>, '/workspace/app/backend/logs/app_20260529_204719.log')}
2026-05-29 20:48:04,050 - watchfiles.main - DEBUG - 1 change detected: {(<Change.modified: 2>, '/workspace/app/backend/logs/app_20260529_204719.log')}
2026-05-29 20:48:04,401 - watchfiles.main - DEBUG - 1 change detected: {(<Change.modified: 2>, '/workspace/app/backend/logs/app_20260529_204719.log')}
2026-05-29 20:48:04,752 - watchfiles.main - DEBUG - 1 change detected: {(<Change.modified: 2>, '/workspace/app/backend/logs/app_20260529_204719.log')}
2026-05-29 20:48:05,103 - watchfiles.main - DEBUG - 1 change detected: {(<Change.modified: 2>, '/workspace/app/backend/logs/app_20260529_204719.log')}
2026-05-29 20:48:05,455 - watchfiles.main - DEBUG - 1 change detected: {(<Change.modified: 2>, '/workspace/app/backend/logs/app_20260529_204719.log')}
2026-05-29 20:48:05,807 - watchfiles.main - DEBUG - 1 change detected: {(<Change.modified: 2>, '/workspace/app/backend/logs/app_20260529_204719.log')}
2026-05-29 20:48:06,160 - watchfiles.main - DEBUG - 1 change detected: {(<Change.modified: 2>, '/workspace/app/backend/logs/app_20260529_204719.log')}
2026-05-29 20:48:06,511 - watchfiles.main - DEBUG - 1 change detected: {(<Change.modified: 2>, '/workspace/app/backend/logs/app_20260529_204719.log')}
2026-05-29 20:48:06,862 - watchfiles.main - DEBUG - 1 change detected: {(<Change.modified: 2>, '/workspace/app/backend/logs/app_20260529_204719.log')}
2026-05-29 20:48:07,213 - watchfiles.main - DEBUG - 1 change detected: {(<Change.modified: 2>, '/workspace/app/backend/logs/app_20260529_204719.log')}
2026-05-29 20:48:07,564 - watchfiles.main - DEBUG - 1 change detected: {(<Change.modified: 2>, '/workspace/app/backend/logs/app_20260529_204719.log')}
2026-05-29 20:48:07,915 - watchfiles.main - DEBUG - 1 change detected: {(<Change.modified: 2>, '/workspace/app/backend/logs/app_20260529_204719.log')}
2026-05-29 20:48:08,266 - watchfiles.main - DEBUG - 1 change detected: {(<Change.modified: 2>, '/workspace/app/backend/logs/app_20260529_204719.log')}
2026-05-29 20:48:08,617 - watchfiles.main - DEBUG - 1 change detected: {(<Change.modified: 2>, '/workspace/app/backend/logs/app_20260529_204719.log')}
2026-05-29 20:48:08,968 - watchfiles.main - DEBUG - 1 change detected: {(<Change.modified: 2>, '/workspace/app/backend/logs/app_20260529_204719.log')}
2026-05-29 20:48:09,319 - watchfiles.main - DEBUG - 1 change detected: {(<Change.modified: 2>, '/workspace/app/backend/logs/app_20260529_204719.log')}
2026-05-29 20:48:09,669 - watchfiles.main - DEBUG - 1 change detected: {(<Change.modified: 2>, '/workspace/app/backend/logs/app_20260529_204719.log')}
2026-05-29 20:48:10,020 - watchfiles.main - DEBUG - 1 change detected: {(<Change.modified: 2>, '/workspace/app/backend/logs/app_20260529_204719.log')}
2026-05-29 20:48:10,371 - watchfiles.main - DEBUG - 1 change detected: {(<Change.modified: 2>, '/workspace/app/backend/logs/app_20260529_204719.log')}
2026-05-29 20:48:10,722 - watchfiles.main - DEBUG - 1 change detected: {(<Change.modified: 2>, '/workspace/app/backend/logs/app_20260529_204719.log')}
2026-05-29 20:48:11,073 - watchfiles.main - DEBUG - 1 change detected: {(<Change.modified: 2>, '/workspace/app/backend/logs/app_20260529_204719.log')}
2026-05-29 20:48:11,424 - watchfiles.main - DEBUG - 1 change detected: {(<Change.modified: 2>, '/workspace/app/backend/logs/app_20260529_204719.log')}
2026-05-29 20:48:11,775 - watchfiles.main - DEBUG - 1 change detected: {(<Change.modified: 2>, '/workspace/app/backend/logs/app_20260529_204719.log')}
2026-05-29 20:48:12,126 - watchfiles.main - DEBUG - 1 change detected: {(<Change.modified: 2>, '/workspace/app/backend/logs/app_20260529_204719.log')}
2026-05-29 20:48:12,476 - watchfiles.main - DEBUG - 1 change detected: {(<Change.modified: 2>, '/workspace/app/backend/logs/app_20260529_204719.log')}
2026-05-29 20:48:12,827 - watchfiles.main - DEBUG - 1 change detected: {(<Change.modified: 2>, '/workspace/app/backend/logs/app_20260529_204719.log')}
2026-05-29 20:48:13,178 - watchfiles.main - DEBUG - 1 change detected: {(<Change.modified: 2>, '/workspace/app/backend/logs/app_20260529_204719.log')}
2026-05-29 20:48:13,529 - watchfiles.main - DEBUG - 1 change detected: {(<Change.modified: 2>, '/workspace/app/backend/logs/app_20260529_204719.log')}
2026-05-29 20:48:13,881 - watchfiles.main - DEBUG - 1 change detected: {(<Change.modified: 2>, '/workspace/app/backend/logs/app_20260529_204719.log')}
2026-05-29 20:48:14,232 - watchfiles.main - DEBUG - 1 change detected: {(<Change.modified: 2>, '/workspace/app/backend/logs/app_20260529_204719.log')}
2026-05-29 20:48:14,582 - watchfiles.main - DEBUG - 1 change detected: {(<Change.modified: 2>, '/workspace/app/backend/logs/app_20260529_204719.log')}
2026-05-29 20:48:14,933 - watchfiles.main - DEBUG - 1 change detected: {(<Change.modified: 2>, '/workspace/app/backend/logs/app_20260529_204719.log')}
2026-05-29 20:48:15,284 - watchfiles.main - DEBUG - 1 change detected: {(<Change.modified: 2>, '/workspace/app/backend/logs/app_20260529_204719.log')}
2026-05-29 20:48:15,635 - watchfiles.main - DEBUG - 1 change detected: {(<Change.modified: 2>, '/workspace/app/backend/logs/app_20260529_204719.log')}
2026-05-29 20:48:15,986 - watchfiles.main - DEBUG - 1 change detected: {(<Change.modified: 2>, '/workspace/app/backend/logs/app_20260529_204719.log')}
2026-05-29 20:48:16,337 - watchfiles.main - DEBUG - 1 change detected: {(<Change.modified: 2>, '/workspace/app/backend/logs/app_20260529_204719.log')}
