2026-05-29 20:40:26,999 - main - INFO - === Logging system initialized ===
2026-05-29 20:40:27,000 - main - INFO - Log file: logs/app_20260529_204026.log
2026-05-29 20:40:27,000 - main - INFO - Log level: INFO
2026-05-29 20:40:27,000 - main - INFO - Timestamp: 20260529_204026
2026-05-29 20:40:27,828 - main - INFO - Included router: routers.ai_generate.router
2026-05-29 20:40:27,850 - main - INFO - Included router: routers.aihub.router
2026-05-29 20:40:27,863 - main - INFO - Included router: routers.auth.router
2026-05-29 20:40:27,908 - main - INFO - Included router: routers.conversations.router
2026-05-29 20:40:27,910 - main - INFO - Included router: routers.health.router
2026-05-29 20:40:27,954 - main - INFO - Included router: routers.project_files.router
2026-05-29 20:40:28,012 - main - INFO - Included router: routers.projects.router
2026-05-29 20:40:28,046 - main - INFO - Included router: routers.publish.router
2026-05-29 20:40:28,066 - main - INFO - Included router: routers.settings.router
2026-05-29 20:40:28,112 - main - INFO - Included router: routers.storage.router
2026-05-29 20:40:28,121 - main - INFO - Included router: routers.user.router
2026-05-29 20:40:28,170 - main - INFO - Included router: routers.versions.router
2026-05-29 20:40:28,171 - main - INFO - === Application startup initiated ===
2026-05-29 20:40:28,171 - services.database - INFO - Ignore creating tables
2026-05-29 20:40:28,171 - services.mock_data - INFO - Ignore initialize data
2026-05-29 20:40:28,171 - services.auth - INFO - Ignore initialize admin
2026-05-29 20:40:28,172 - main - INFO - === Application startup completed successfully ===
2026-05-29 20:40:28,273 - services.database - DEBUG - [DB_OP] Starting database close
2026-05-29 20:40:28,273 - services.database - INFO - Database connections closed
2026-05-29 20:40:28,273 - services.database - DEBUG - [DB_OP] Database close completed in 0.0004s
