2026-05-30 20:10:26,856 - main - INFO - === Logging system initialized ===
2026-05-30 20:10:26,856 - main - INFO - Log file: logs/app_20260530_201026.log
2026-05-30 20:10:26,856 - main - INFO - Log level: INFO
2026-05-30 20:10:26,857 - main - INFO - Timestamp: 20260530_201026
2026-05-30 20:10:27,685 - main - INFO - Included router: routers.ai_generate.router
2026-05-30 20:10:27,704 - main - INFO - Included router: routers.aihub.router
2026-05-30 20:10:27,723 - main - INFO - Included router: routers.auth.router
2026-05-30 20:10:27,771 - main - INFO - Included router: routers.conversations.router
2026-05-30 20:10:27,773 - main - INFO - Included router: routers.health.router
2026-05-30 20:10:27,819 - main - INFO - Included router: routers.project_files.router
2026-05-30 20:10:27,864 - main - INFO - Included router: routers.projects.router
2026-05-30 20:10:27,871 - main - INFO - Included router: routers.publish.router
2026-05-30 20:10:27,895 - main - INFO - Included router: routers.settings.router
2026-05-30 20:10:27,929 - main - INFO - Included router: routers.storage.router
2026-05-30 20:10:27,936 - main - INFO - Included router: routers.user.router
2026-05-30 20:10:27,978 - main - INFO - Included router: routers.versions.router
2026-05-30 20:10:27,979 - main - INFO - === Application startup initiated ===
2026-05-30 20:10:27,979 - services.database - INFO - Ignore creating tables
2026-05-30 20:10:27,980 - services.mock_data - INFO - Ignore initialize data
2026-05-30 20:10:27,980 - services.auth - INFO - Ignore initialize admin
2026-05-30 20:10:27,980 - main - INFO - === Application startup completed successfully ===
2026-05-30 20:10:51,141 - core.config - DEBUG - Read dynamic attribute jwt_secret_key from environment variable JWT_SECRET_KEY
2026-05-30 20:10:51,141 - core.config - DEBUG - Read dynamic attribute jwt_algorithm from environment variable JWT_ALGORITHM
2026-05-30 20:10:51,157 - core.auth - DEBUG - Authentication token validated for user hash: 77856f5d
2026-05-30 20:10:51,481 - core.auth - DEBUG - Authentication token validated for user hash: 77856f5d
2026-05-30 20:10:51,481 - core.database - DEBUG - [DB_OP] Starting get_db session creation
2026-05-30 20:10:51,481 - core.database - WARNING - Database session maker not available, attempting lazy initialization...
2026-05-30 20:10:51,481 - core.database - WARNING - Database not initialized, attempting lazy initialization...
2026-05-30 20:10:51,481 - core.database - INFO - Starting database initialization...
2026-05-30 20:10:51,481 - core.config - DEBUG - Read dynamic attribute database_url from environment variable DATABASE_URL
2026-05-30 20:10:51,481 - core.database - INFO - Normalizing database URL for async compatibility...
2026-05-30 20:10:51,482 - core.database - INFO - Creating async database engine...
2026-05-30 20:10:51,483 - core.database - INFO - Using QueuePool with connection pooling for non-Lambda environment
2026-05-30 20:10:51,531 - core.database - INFO - Database engine created successfully
2026-05-30 20:10:51,531 - core.database - INFO - Creating async session maker...
2026-05-30 20:10:51,531 - core.database - INFO - Async session maker created successfully
2026-05-30 20:10:51,532 - core.database - INFO - Database connection initialized successfully
2026-05-30 20:10:51,532 - core.database - DEBUG - [DB_OP] Starting create_tables
2026-05-30 20:10:51,532 - core.database - INFO - 🔧 Starting table creation...
2026-05-30 20:10:53,097 - core.database - INFO - Tables initialized successfully
2026-05-30 20:10:53,097 - core.database - DEBUG - [DB_OP] Create tables completed in 1.5656s
2026-05-30 20:10:53,160 - core.database - INFO - Lazy database initialization completed successfully
2026-05-30 20:10:53,161 - core.database - DEBUG - [DB_OP] Database session created successfully in 1.6799s
2026-05-30 20:10:53,161 - routers.projects - DEBUG - Querying projectss: query=None, sort=-updated_at, skip=0, limit=50, fields=None
2026-05-30 20:10:53,833 - routers.projects - DEBUG - Found 9 projectss
2026-05-30 20:10:53,834 - core.database - DEBUG - [DB_OP] Database session cleanup after 2.3531s
2026-05-30 20:12:20,036 - dependencies.auth - DEBUG - Authentication required for request GET /api/v1/auth/me
2026-05-30 20:12:41,448 - core.auth - DEBUG - Authentication token validated for user hash: 77856f5d
2026-05-30 20:12:42,123 - core.auth - DEBUG - Authentication token validated for user hash: 77856f5d
2026-05-30 20:12:42,123 - core.database - DEBUG - [DB_OP] Starting get_db session creation
2026-05-30 20:12:42,123 - core.database - DEBUG - [DB_OP] Database session created successfully in 0.0001s
2026-05-30 20:12:42,124 - routers.projects - DEBUG - Querying projectss: query=None, sort=-updated_at, skip=0, limit=50, fields=None
2026-05-30 20:12:42,503 - routers.projects - DEBUG - Found 9 projectss
2026-05-30 20:12:42,503 - core.database - DEBUG - [DB_OP] Database session cleanup after 0.3799s
2026-05-30 20:13:33,624 - services.database - DEBUG - [DB_OP] Starting database close
2026-05-30 20:13:33,691 - core.database - INFO - Database connection closed and engine disposed
2026-05-30 20:13:33,691 - services.database - INFO - Database connections closed
2026-05-30 20:13:33,692 - services.database - DEBUG - [DB_OP] Database close completed in 0.0674s
